<?xml version="1.0" encoding="UTF-8"?>
<testng-results ignored="0" total="3" passed="3" failed="0" skipped="0">
  <reporter-output>
  </reporter-output>
  <suite started-at="2023-07-27T07:38:56 GMT" name="Default suite" finished-at="2023-07-27T07:39:03 GMT" duration-ms="6765">
    <groups>
      <group name="cucumber">
        <method signature="AbstractTestNGCucumberTests.runScenario(io.cucumber.testng.PickleWrapper,io.cucumber.testng.FeatureWrapper)[pri:0, instance:runners.AppRunner@2892d68]" name="runScenario" class="io.cucumber.testng.AbstractTestNGCucumberTests"/>
      </group> <!-- cucumber -->
    </groups>
    <test started-at="2023-07-27T07:38:56 GMT" name="Default test" finished-at="2023-07-27T07:39:03 GMT" duration-ms="6765">
      <class name="runners.AppRunner">
        <test-method is-config="true" signature="setUpClass(org.testng.ITestContext)[pri:0, instance:runners.AppRunner@2892d68]" started-at="2023-07-27T07:38:56 GMT" name="setUpClass" finished-at="2023-07-27T07:38:56 GMT" duration-ms="325" status="PASS">
          <params>
            <param index="0">
              <value>
                <![CDATA[org.testng.TestRunner@5578be42]]>
              </value>
            </param>
          </params>
          <reporter-output>
          </reporter-output>
        </test-method> <!-- setUpClass -->
        <test-method signature="runScenario(io.cucumber.testng.PickleWrapper,io.cucumber.testng.FeatureWrapper)[pri:0, instance:runners.AppRunner@2892d68]" started-at="2023-07-27T07:38:56 GMT" name="runScenario" description="Runs Cucumber Scenarios" data-provider="scenarios" finished-at="2023-07-27T07:39:02 GMT" duration-ms="5676" status="PASS">
          <params>
            <param index="0">
              <value>
                <![CDATA["Search item"]]>
              </value>
            </param>
            <param index="1">
              <value>
                <![CDATA["User wants to place an order"]]>
              </value>
            </param>
          </params>
          <reporter-output>
          </reporter-output>
        </test-method> <!-- runScenario -->
        <test-method signature="runScenario(io.cucumber.testng.PickleWrapper,io.cucumber.testng.FeatureWrapper)[pri:0, instance:runners.AppRunner@2892d68]" started-at="2023-07-27T07:39:02 GMT" name="runScenario" description="Runs Cucumber Scenarios" data-provider="scenarios" finished-at="2023-07-27T07:39:02 GMT" duration-ms="415" status="PASS">
          <params>
            <param index="0">
              <value>
                <![CDATA["Add Item to Cart"]]>
              </value>
            </param>
            <param index="1">
              <value>
                <![CDATA["User wants to place an order"]]>
              </value>
            </param>
          </params>
          <reporter-output>
          </reporter-output>
        </test-method> <!-- runScenario -->
        <test-method signature="runScenario(io.cucumber.testng.PickleWrapper,io.cucumber.testng.FeatureWrapper)[pri:0, instance:runners.AppRunner@2892d68]" started-at="2023-07-27T07:39:02 GMT" name="runScenario" description="Runs Cucumber Scenarios" data-provider="scenarios" finished-at="2023-07-27T07:39:03 GMT" duration-ms="164" status="PASS">
          <params>
            <param index="0">
              <value>
                <![CDATA["Checkout"]]>
              </value>
            </param>
            <param index="1">
              <value>
                <![CDATA["User wants to place an order"]]>
              </value>
            </param>
          </params>
          <reporter-output>
          </reporter-output>
        </test-method> <!-- runScenario -->
        <test-method is-config="true" signature="tearDownClass()[pri:0, instance:runners.AppRunner@2892d68]" started-at="2023-07-27T07:39:03 GMT" name="tearDownClass" finished-at="2023-07-27T07:39:03 GMT" duration-ms="111" status="PASS">
          <reporter-output>
          </reporter-output>
        </test-method> <!-- tearDownClass -->
      </class> <!-- runners.AppRunner -->
    </test> <!-- Default test -->
  </suite> <!-- Default suite -->
</testng-results>
